=== Started 2018-02-26T19-05-23-407 ===
[INFO ][19:05:23] 418 bad words loaded
[WARN ][19:05:23] User account "Local Administrator" disabled
[WARN ][19:05:23] User account "Local Moderator" disabled
[WARN ][19:05:23] User account "Local User" disabled
[INFO ][19:05:23] 0 user records loaded.
[INFO ][19:05:23] 0 IP ban records loaded.
[INFO ][19:05:23] [1m[32mMultiOgar-Edited 1.6.1[37m - An open source multi-protocol ogar server[0m
[INFO ][19:05:23] WebSocket: ws
[INFO ][19:05:23] Started stats server on port 88
[INFO ][19:05:23] Listening on port 443
[INFO ][19:05:23] Current game mode is Free For All
[NONE ][19:05:23]   __  __       _ _   _  ___                        _____    _ _ _           _    _   __    _ 
 |  \/  |_   _| | |_(_)/ _ \  __ _  __ _ _ __     | ____|__| (_) |_ ___  __| |  / | / /_  / |
 | |\/| | | | | | __| | | | |/ _` |/ _` | '__|____|  _| / _` | | __/ _ \/ _` |  | || '_ \ | |
 | |  | | |_| | | |_| | |_| | (_| | (_| | | |_____| |__| (_| | | ||  __/ (_| |  | || (_) || |
 |_|  |_|\__,_|_|\__|_|\___/ \__, |\__,_|_|       |_____\__,_|_|\__\___|\__,_|  |_(_)___(_)_|
                             |___/                                                           
[NONE ][19:05:35] CONNECTED 127.0.0.1:58641, origin: "http://localhost"
[NONE ][19:07:17] >help
[NONE ][19:07:17]                        â”Œâ”€â”€â”€â”€â”€â”€â”€â”€â”€â”€â”€â”€â”€â”€â”€â”€â”€â”€â”€â”€â”€â”€â”€â”€â”€â”€â”€â”€â”                       
                       â”‚ LIST OF AVAILABLE COMMANDS â”‚                       
â”Œâ”€â”€â”€â”€â”€â”€â”€â”€â”€â”€â”€â”€â”€â”€â”€â”€â”€â”€â”€â”€â”€â”€â”´â”€â”€â”€â”€â”€â”€â”€â”€â”€â”€â”€â”€â”€â”€â”€â”€â”€â”€â”€â”€â”€â”€â”€â”€â”€â”€â”€â”€â”´â”€â”€â”€â”€â”€â”€â”€â”€â”€â”€â”€â”€â”€â”€â”€â”€â”€â”€â”€â”€â”€â”€â”
â”‚                         ----Players and AI----                           â”‚
â”‚                                                                          â”‚
â”‚ playerlist                   â”‚ Get list of players, bots, ID's, etc      â”‚
â”‚ minion [PlayerID] [#] [name] â”‚ Adds suicide minions to the server        â”‚
â”‚ addbot [number]              â”‚ Adds bots to the server                   â”‚
â”‚ kickbot [number]             â”‚ Kick a number of bots - No value= all goneâ”‚
â”‚ kick [PlayerID]              â”‚ Kick player or bot by client ID           â”‚
â”‚ kickall                      â”‚ Kick all players and bots                 â”‚
â”‚ kill [PlayerID]              â”‚ Kill the player by client ID              â”‚
â”‚ killall                      â”‚ Kills everyone                            â”‚
â”‚                                                                          â”‚
â”‚                          ----Player Commands----                         â”‚
â”‚                                                                          â”‚
â”‚ spawn [entity] [pos] [mass]  â”‚ Spawns an entity                          â”‚
â”‚ mass [PlayerID] [mass]       â”‚ Set cell(s) mass by client ID             â”‚
â”‚ merge [PlayerID]             â”‚ Merge all client's cells                  â”‚
â”‚ spawnmass [PlayerID] [mass]  â”‚ Sets a player's spawn mass                â”‚
â”‚ freeze [PlayerID]            â”‚ Freezes a player                          â”‚
â”‚ speed [PlayerID]             â”‚ Sets a player's base speed                â”‚
â”‚ color [PlayerID] [R] [G] [B] â”‚ Set cell(s) color by client ID            â”‚
â”‚ name [PlayerID] [name]       â”‚ Change cell(s) name by client ID          â”‚
â”‚ skin [PlayerID] [string]     â”‚ Change cell(s) skin by client ID          â”‚
â”‚ rec [PlayerID]               â”‚ Gives a player instant-recombine + more   â”‚
â”‚ split [PlayerID] [Amount]    â”‚ Forces a player to split                  â”‚
â”‚ tp [X] [Y]                   â”‚ Teleports player(s) to XY coordinates     â”‚
â”‚ replace [PlayerID] [entity]  â”‚ Replaces a player with an entity          â”‚
â”‚ pop [PlayerID]               â”‚ Pops a player with a virus                â”‚
| explode [PlayerID]           | Explodes a player into ejected mass       |
â”‚                                                                          â”‚
â”‚                          ----Server Commands----                         â”‚
â”‚                                                                          â”‚
â”‚ pause                        â”‚ Pause game, freeze all nodes              â”‚
â”‚ board [string] [string] ...  â”‚ Set scoreboard text                       â”‚
â”‚ change [setting] [value]     â”‚ Change specified settings                 â”‚
â”‚ reload                       â”‚ Reload config, banlist, and role files    â”‚
â”‚ ban [PlayerID â”‚ IP]          â”‚ Bans a player(s) IP                       â”‚
â”‚ unban [IP]                   â”‚ Unbans an IP                              â”‚
â”‚ banlist                      â”‚ Get list of banned IPs.                   â”‚
â”‚ mute [PlayerID]              â”‚ Mute player from chat by client ID        â”‚
â”‚ unmute [PlayerID]            â”‚ Unmute player from chat by client ID      â”‚
| lms                          | Starts/ends last man standing             |
| chat                         | Sends a server message to all clients     |
â”‚                                                                          â”‚
â”‚                          ----Miscellaneous----                           â”‚
â”‚                                                                          â”‚
â”‚ clear                        â”‚ Clear console output                      â”‚
â”‚ reset                        â”‚ Removes all nodes and reimplement them    â”‚
â”‚ status                       â”‚ Get server status                         â”‚
â”‚ debug                        â”‚ Get/check node lengths                    â”‚
â”‚ exit                         â”‚ Stops the server                          â”‚
â”‚ calc                         â”‚ Get size/mass from a specified value      â”‚
â”‚                                                                          â”‚
â”œâ”€â”€â”€â”€â”€â”€â”€â”€â”€â”€â”€â”€â”€â”€â”€â”€â”€â”€â”€â”€â”€â”€â”€â”€â”€â”€â”€â”€â”€â”€â”€â”€â”€â”€â”€â”€â”€â”€â”€â”€â”€â”€â”€â”€â”€â”€â”€â”€â”€â”€â”€â”€â”€â”€â”€â”€â”€â”€â”€â”€â”€â”€â”€â”€â”€â”€â”€â”€â”€â”€â”€â”€â”€â”€â”¤
â”‚         Psst! Do "shortcuts" for a list of command shortcuts!            â”‚
â””â”€â”€â”€â”€â”€â”€â”€â”€â”€â”€â”€â”€â”€â”€â”€â”€â”€â”€â”€â”€â”€â”€â”€â”€â”€â”€â”€â”€â”€â”€â”€â”€â”€â”€â”€â”€â”€â”€â”€â”€â”€â”€â”€â”€â”€â”€â”€â”€â”€â”€â”€â”€â”€â”€â”€â”€â”€â”€â”€â”€â”€â”€â”€â”€â”€â”€â”€â”€â”€â”€â”€â”€â”€â”€â”˜
[NONE ][19:07:26] >shortcuts
[NONE ][19:07:26]                        â”Œâ”€â”€â”€â”€â”€â”€â”€â”€â”€â”€â”€â”€â”€â”€â”€â”€â”€â”€â”€â”€â”€â”€â”€â”€â”€â”€â”€â”€â”                       
                       â”‚ LIST OF COMMAND SHORTCUTS  â”‚                       
â”Œâ”€â”€â”€â”€â”€â”€â”€â”€â”€â”€â”€â”€â”€â”€â”€â”€â”€â”€â”€â”€â”€â”€â”´â”€â”€â”€â”€â”€â”€â”¬â”€â”€â”€â”€â”€â”€â”€â”€â”€â”€â”€â”€â”€â”€â”€â”€â”€â”€â”€â”€â”€â”´â”€â”€â”€â”€â”€â”€â”€â”€â”€â”€â”€â”€â”€â”€â”€â”€â”€â”€â”€â”€â”€â”€â”
â”‚ st                          â”‚ Alias for status of server                 â”‚
â”‚ pl                          â”‚ Alias for playerlist                       â”‚
â”‚ m                           â”‚ Alias for mass                             â”‚
â”‚ sm                          â”‚ Alias for spawnmass                        â”‚
â”‚ ka                          â”‚ Alias for killall                          â”‚
â”‚ k                           â”‚ Alias for kill                             â”‚
â”‚ mg                          â”‚ Alias for merge                            â”‚
â”‚ s                           â”‚ Alias for speed                            â”‚
â”‚ mn                          â”‚ Alias for minion                           â”‚
â”‚ f                           â”‚ Alias for freeze                           â”‚
â”‚ ab                          â”‚ Alias for addbot                           â”‚
â”‚ kb                          â”‚ Alias for kickbot                          â”‚
â”‚ c                           â”‚ Alias for change                           â”‚
â”‚ n                           â”‚ Alias for name                             â”‚
â”‚ rep                         â”‚ Alias for replace                          â”‚
| e                           | Alias for explode                          |
â””â”€â”€â”€â”€â”€â”€â”€â”€â”€â”€â”€â”€â”€â”€â”€â”€â”€â”€â”€â”€â”€â”€â”€â”€â”€â”€â”€â”€â”€â”´â”€â”€â”€â”€â”€â”€â”€â”€â”€â”€â”€â”€â”€â”€â”€â”€â”€â”€â”€â”€â”€â”€â”€â”€â”€â”€â”€â”€â”€â”€â”€â”€â”€â”€â”€â”€â”€â”€â”€â”€â”€â”€â”€â”€â”˜
[NONE ][19:07:33] >st
[NONE ][19:07:33] Connected players: 1/500
[NONE ][19:07:33] Players: 1 - Bots: 0
[NONE ][19:07:33] Average score: 242.32
[NONE ][19:07:33] Server has been running for a total of2 minutes
[NONE ][19:07:33] Current memory usage: 8.6/11.4 mb
[NONE ][19:07:33] Current game mode: Free For All
[NONE ][19:07:33] Current update time: 1.288 [ms]  (perfectly smooth)
[NONE ][19:07:53] >s 1 99
[NONE ][19:07:53] Set base speed of An unnamed cell to 99
[NONE ][19:08:25] >mg 1
[NONE ][19:08:25] An unnamed cell is now force merging
[NONE ][19:08:47] >m 1 999
[NONE ][19:08:47] Set mass of An unnamed cell to 999.000
[ERROR][19:09:03] [127.0.0.1:58641] Error: read ECONNRESET
    at _errnoException (util.js:1022:11)
    at TCP.onread (net.js:615:25)
[NONE ][19:09:03] DISCONNECTED 127.0.0.1:58641, code: 1001, reason: "", name: "An unnamed cell"
[NONE ][19:09:09] CONNECTED 127.0.0.1:58698, origin: "http://localhost"
[NONE ][19:09:43] DISCONNECTED 127.0.0.1:58698, code: 1005, reason: "", name: "An unnamed cell"
[NONE ][19:09:45] CONNECTED 127.0.0.1:58708, origin: "http://localhost"
[ERROR][19:09:53] [127.0.0.1:58708] Error: read ECONNRESET
    at _errnoException (util.js:1022:11)
    at TCP.onread (net.js:615:25)
[NONE ][19:09:53] DISCONNECTED 127.0.0.1:58708, code: 1001, reason: "", name: "An unnamed cell"
[NONE ][19:10:49] CONNECTED 127.0.0.1:58725, origin: "file://"
[NONE ][19:12:59] >st
[NONE ][19:12:59] Connected players: 1/500
[NONE ][19:12:59] Players: 1 - Bots: 0
[NONE ][19:12:59] Average score: 72.39
[NONE ][19:12:59] Server has been running for a total of7 minutes
[NONE ][19:12:59] Current memory usage: 9.9/11.9 mb
[NONE ][19:12:59] Current game mode: Free For All
[NONE ][19:12:59] Current update time: 1.076 [ms]  (perfectly smooth)
[NONE ][19:13:06] >m 1 999
[WARN ][19:13:06] That player ID is non-existant!
[NONE ][19:13:10] >m 2 999
[WARN ][19:13:10] That player ID is non-existant!
[NONE ][19:13:14] >players
[WARN ][19:13:14] Invalid Command!
[NONE ][19:13:20] >player stats
[WARN ][19:13:20] Invalid Command!
[NONE ][19:13:22] >help
[NONE ][19:13:22]                        â”Œâ”€â”€â”€â”€â”€â”€â”€â”€â”€â”€â”€â”€â”€â”€â”€â”€â”€â”€â”€â”€â”€â”€â”€â”€â”€â”€â”€â”€â”                       
                       â”‚ LIST OF AVAILABLE COMMANDS â”‚                       
â”Œâ”€â”€â”€â”€â”€â”€â”€â”€â”€â”€â”€â”€â”€â”€â”€â”€â”€â”€â”€â”€â”€â”€â”´â”€â”€â”€â”€â”€â”€â”€â”€â”€â”€â”€â”€â”€â”€â”€â”€â”€â”€â”€â”€â”€â”€â”€â”€â”€â”€â”€â”€â”´â”€â”€â”€â”€â”€â”€â”€â”€â”€â”€â”€â”€â”€â”€â”€â”€â”€â”€â”€â”€â”€â”€â”
â”‚                         ----Players and AI----                           â”‚
â”‚                                                                          â”‚
â”‚ playerlist                   â”‚ Get list of players, bots, ID's, etc      â”‚
â”‚ minion [PlayerID] [#] [name] â”‚ Adds suicide minions to the server        â”‚
â”‚ addbot [number]              â”‚ Adds bots to the server                   â”‚
â”‚ kickbot [number]             â”‚ Kick a number of bots - No value= all goneâ”‚
â”‚ kick [PlayerID]              â”‚ Kick player or bot by client ID           â”‚
â”‚ kickall                      â”‚ Kick all players and bots                 â”‚
â”‚ kill [PlayerID]              â”‚ Kill the player by client ID              â”‚
â”‚ killall                      â”‚ Kills everyone                            â”‚
â”‚                                                                          â”‚
â”‚                          ----Player Commands----                         â”‚
â”‚                                                                          â”‚
â”‚ spawn [entity] [pos] [mass]  â”‚ Spawns an entity                          â”‚
â”‚ mass [PlayerID] [mass]       â”‚ Set cell(s) mass by client ID             â”‚
â”‚ merge [PlayerID]             â”‚ Merge all client's cells                  â”‚
â”‚ spawnmass [PlayerID] [mass]  â”‚ Sets a player's spawn mass                â”‚
â”‚ freeze [PlayerID]            â”‚ Freezes a player                          â”‚
â”‚ speed [PlayerID]             â”‚ Sets a player's base speed                â”‚
â”‚ color [PlayerID] [R] [G] [B] â”‚ Set cell(s) color by client ID            â”‚
â”‚ name [PlayerID] [name]       â”‚ Change cell(s) name by client ID          â”‚
â”‚ skin [PlayerID] [string]     â”‚ Change cell(s) skin by client ID          â”‚
â”‚ rec [PlayerID]               â”‚ Gives a player instant-recombine + more   â”‚
â”‚ split [PlayerID] [Amount]    â”‚ Forces a player to split                  â”‚
â”‚ tp [X] [Y]                   â”‚ Teleports player(s) to XY coordinates     â”‚
â”‚ replace [PlayerID] [entity]  â”‚ Replaces a player with an entity          â”‚
â”‚ pop [PlayerID]               â”‚ Pops a player with a virus                â”‚
| explode [PlayerID]           | Explodes a player into ejected mass       |
â”‚                                                                          â”‚
â”‚                          ----Server Commands----                         â”‚
â”‚                                                                          â”‚
â”‚ pause                        â”‚ Pause game, freeze all nodes              â”‚
â”‚ board [string] [string] ...  â”‚ Set scoreboard text                       â”‚
â”‚ change [setting] [value]     â”‚ Change specified settings                 â”‚
â”‚ reload                       â”‚ Reload config, banlist, and role files    â”‚
â”‚ ban [PlayerID â”‚ IP]          â”‚ Bans a player(s) IP                       â”‚
â”‚ unban [IP]                   â”‚ Unbans an IP                              â”‚
â”‚ banlist                      â”‚ Get list of banned IPs.                   â”‚
â”‚ mute [PlayerID]              â”‚ Mute player from chat by client ID        â”‚
â”‚ unmute [PlayerID]            â”‚ Unmute player from chat by client ID      â”‚
| lms                          | Starts/ends last man standing             |
| chat                         | Sends a server message to all clients     |
â”‚                                                                          â”‚
â”‚                          ----Miscellaneous----                           â”‚
â”‚                                                                          â”‚
â”‚ clear                        â”‚ Clear console output                      â”‚
â”‚ reset                        â”‚ Removes all nodes and reimplement them    â”‚
â”‚ status                       â”‚ Get server status                         â”‚
â”‚ debug                        â”‚ Get/check node lengths                    â”‚
â”‚ exit                         â”‚ Stops the server                          â”‚
â”‚ calc                         â”‚ Get size/mass from a specified value      â”‚
â”‚                                                                          â”‚
â”œâ”€â”€â”€â”€â”€â”€â”€â”€â”€â”€â”€â”€â”€â”€â”€â”€â”€â”€â”€â”€â”€â”€â”€â”€â”€â”€â”€â”€â”€â”€â”€â”€â”€â”€â”€â”€â”€â”€â”€â”€â”€â”€â”€â”€â”€â”€â”€â”€â”€â”€â”€â”€â”€â”€â”€â”€â”€â”€â”€â”€â”€â”€â”€â”€â”€â”€â”€â”€â”€â”€â”€â”€â”€â”€â”¤
â”‚         Psst! Do "shortcuts" for a list of command shortcuts!            â”‚
â””â”€â”€â”€â”€â”€â”€â”€â”€â”€â”€â”€â”€â”€â”€â”€â”€â”€â”€â”€â”€â”€â”€â”€â”€â”€â”€â”€â”€â”€â”€â”€â”€â”€â”€â”€â”€â”€â”€â”€â”€â”€â”€â”€â”€â”€â”€â”€â”€â”€â”€â”€â”€â”€â”€â”€â”€â”€â”€â”€â”€â”€â”€â”€â”€â”€â”€â”€â”€â”€â”€â”€â”€â”€â”€â”˜
[NONE ][19:13:30] >playerlist
[NONE ][19:13:30] 
Current players: 1
[NONE ][19:13:30] Do "playerlist m" or "pl m" to list minions

[NONE ][19:13:30]  ID     | IP              | P | CELLS | SCORE  |   POSITION   | NICK            
[NONE ][19:13:30] â”€â”€â”€â”€â”€â”€â”€â”€â”€â”€â”€â”€â”€â”€â”€â”€â”€â”€â”€â”€â”€â”€â”€â”€â”€â”€â”€â”€â”€â”€â”€â”€â”€â”€â”€â”€â”€â”€â”€â”€â”€â”€â”€â”€â”€â”€â”€â”€â”€â”€â”€â”€â”€â”€â”€â”€â”€â”€â”€â”€â”€â”€â”€â”€â”€â”€â”€â”€â”€â”€â”€â”€â”€â”€â”€â”€â”€â”€â”€â”€
[NONE ][19:13:30]       4 | 127.0.0.1       | 5 |     1 |     73 | -4775,  6190 | Revenge        
[NONE ][19:13:44] >nick 1 hello
[WARN ][19:13:44] Invalid Command!
[NONE ][19:13:53] >chat Hello
[NONE ][19:14:13] >chat Hello guys chat isnt working
[NONE ][19:14:18] >chat welcome
[NONE ][19:14:49] >chat [Revenge] Hey
[ERROR][19:15:16] [127.0.0.1:58725] Error: read ECONNRESET
    at _errnoException (util.js:1022:11)
    at TCP.onread (net.js:615:25)
[NONE ][19:15:16] DISCONNECTED 127.0.0.1:58725, code: 1001, reason: "", name: "Revenge"
[NONE ][19:15:23] CONNECTED 127.0.0.1:58766, origin: "file://"
[NONE ][19:15:33] >index.js
[WARN ][19:15:33] Invalid Command!
[NONE ][19:15:36] >node index.ks
[WARN ][19:15:36] Invalid Command!
[NONE ][19:15:44] >restart
[WARN ][19:15:44] Restarting server...
[NONE ][19:15:45] DISCONNECTED 127.0.0.1:58766, code: 1005, reason: "", name: ""
[NONE ][19:16:06] >exit
[WARN ][19:16:06] Closing server...
[ERROR][19:16:06] TypeError: Cannot read property 'close' of null
    at exit (C:\Users\wronp\Desktop\server\src\modules\CommandList.js:399:29)
    at parseCommands (C:\Users\wronp\Desktop\server\src\index.js:167:9)
    at C:\Users\wronp\Desktop\server\src\index.js:141:13
    at Interface._onLine (readline.js:280:5)
    at Interface._line (readline.js:631:8)
    at Interface._ttyWrite (readline.js:911:14)
    at ReadStream.onkeypress (readline.js:160:10)
    at emitTwo (events.js:126:13)
    at ReadStream.emit (events.js:214:7)
    at emitKeys (internal/readline.js:420:14)
[NONE ][19:16:18] CONNECTED 127.0.0.1:58775, origin: "file://"
